<?xml version="1.0" encoding="UTF-8"?>
<!-- Generated by org.testng.reporters.JUnitXMLReporter -->
<testsuite hostname="LAPTOP-E20AETQ6" ignored="0" name="Test" tests="4" failures="0" timestamp="02 Feb 2020 20:14:17 GMT" time="0.079" errors="0">
  <testcase name="BrowserAutomation" time="0.023" classname="qaclick.AppiunTest"/>
  <testcase name="ElementApi" time="0.0" classname="qaclick.AppiunTest"/>
  <testcase name="BrowserAutomation" time="0.012" classname="qaclick.RestApiTest"/>
  <testcase name="ElementApi" time="0.0" classname="qaclick.RestApiTest"/>
</testsuite> <!-- Test -->
