<?xml version="1.0" encoding="UTF-8"?>
<testng-results skipped="0" failed="0" ignored="0" total="2" passed="2">
  <reporter-output>
  </reporter-output>
  <suite name="Suite" duration-ms="41544" started-at="2021-01-21T09:44:16Z" finished-at="2021-01-21T09:44:58Z">
    <groups>
    </groups>
    <test name="Test" duration-ms="41544" started-at="2021-01-21T09:44:16Z" finished-at="2021-01-21T09:44:58Z">
      <class name="jenkins.AmazonTest3">
        <test-method status="PASS" signature="BrowseInt()[pri:0, instance:jenkins.AmazonTest3@1a84f40f]" name="BrowseInt" is-config="true" duration-ms="19819" started-at="2021-01-21T09:44:16Z" finished-at="2021-01-21T09:44:36Z">
          <reporter-output>
          </reporter-output>
        </test-method> <!-- BrowseInt -->
        <test-method status="PASS" signature="amazone()[pri:0, instance:jenkins.AmazonTest3@1a84f40f]" name="amazone" duration-ms="18542" started-at="2021-01-21T09:44:36Z" finished-at="2021-01-21T09:44:54Z">
          <reporter-output>
          </reporter-output>
        </test-method> <!-- amazone -->
        <test-method status="PASS" signature="createAmazoneAccount()[pri:0, instance:jenkins.AmazonTest3@1a84f40f]" name="createAmazoneAccount" duration-ms="2442" started-at="2021-01-21T09:44:54Z" finished-at="2021-01-21T09:44:57Z">
          <reporter-output>
          </reporter-output>
        </test-method> <!-- createAmazoneAccount -->
        <test-method status="PASS" signature="last()[pri:0, instance:jenkins.AmazonTest3@1a84f40f]" name="last" is-config="true" duration-ms="670" started-at="2021-01-21T09:44:57Z" finished-at="2021-01-21T09:44:58Z">
          <reporter-output>
          </reporter-output>
        </test-method> <!-- last -->
      </class> <!-- jenkins.AmazonTest3 -->
    </test> <!-- Test -->
  </suite> <!-- Suite -->
</testng-results>
