<?xml version="1.0" encoding="UTF-8"?>
<testng-results skipped="0" failed="0" ignored="0" total="4" passed="4">
  <reporter-output>
  </reporter-output>
  <suite name="Suite" duration-ms="79" started-at="2020-02-02T20:14:17Z" finished-at="2020-02-02T20:14:17Z">
    <groups>
    </groups>
    <test name="Test" duration-ms="79" started-at="2020-02-02T20:14:17Z" finished-at="2020-02-02T20:14:17Z">
      <class name="qaclick.AppiunTest">
        <test-method status="PASS" signature="BrowserAutomation()[pri:0, instance:qaclick.AppiunTest@2cbb3d47]" name="BrowserAutomation" duration-ms="23" started-at="2020-02-02T20:14:17Z" finished-at="2020-02-02T20:14:17Z">
          <reporter-output>
          </reporter-output>
        </test-method> <!-- BrowserAutomation -->
        <test-method status="PASS" signature="ElementApi()[pri:0, instance:qaclick.AppiunTest@2cbb3d47]" name="ElementApi" duration-ms="0" started-at="2020-02-02T20:14:17Z" finished-at="2020-02-02T20:14:17Z">
          <reporter-output>
          </reporter-output>
        </test-method> <!-- ElementApi -->
      </class> <!-- qaclick.AppiunTest -->
      <class name="qaclick.RestApiTest">
        <test-method status="PASS" signature="BrowserAutomation()[pri:0, instance:qaclick.RestApiTest@527e5409]" name="BrowserAutomation" duration-ms="12" started-at="2020-02-02T20:14:17Z" finished-at="2020-02-02T20:14:17Z">
          <reporter-output>
          </reporter-output>
        </test-method> <!-- BrowserAutomation -->
        <test-method status="PASS" signature="ElementApi()[pri:0, instance:qaclick.RestApiTest@527e5409]" name="ElementApi" duration-ms="0" started-at="2020-02-02T20:14:17Z" finished-at="2020-02-02T20:14:17Z">
          <reporter-output>
          </reporter-output>
        </test-method> <!-- ElementApi -->
      </class> <!-- qaclick.RestApiTest -->
    </test> <!-- Test -->
  </suite> <!-- Suite -->
</testng-results>
