<?xml version="1.0" encoding="UTF-8"?>
<testng-results skipped="0" failed="0" ignored="0" total="2" passed="2">
  <reporter-output>
  </reporter-output>
  <suite name="Suite" duration-ms="19425" started-at="2021-01-21T07:52:07Z" finished-at="2021-01-21T07:52:27Z">
    <groups>
    </groups>
    <test name="Test" duration-ms="19425" started-at="2021-01-21T07:52:07Z" finished-at="2021-01-21T07:52:27Z">
      <class name="jenkins.AmazonTest3">
        <test-method status="PASS" signature="BrowseInt()[pri:0, instance:jenkins.AmazonTest3@222114ba]" name="BrowseInt" is-config="true" duration-ms="14026" started-at="2021-01-21T07:52:07Z" finished-at="2021-01-21T07:52:21Z">
          <reporter-output>
          </reporter-output>
        </test-method> <!-- BrowseInt -->
        <test-method status="PASS" signature="amazone()[pri:0, instance:jenkins.AmazonTest3@222114ba]" name="amazone" duration-ms="3184" started-at="2021-01-21T07:52:21Z" finished-at="2021-01-21T07:52:25Z">
          <reporter-output>
          </reporter-output>
        </test-method> <!-- amazone -->
        <test-method status="PASS" signature="createAmazoneAccount()[pri:0, instance:jenkins.AmazonTest3@222114ba]" name="createAmazoneAccount" duration-ms="1882" started-at="2021-01-21T07:52:25Z" finished-at="2021-01-21T07:52:26Z">
          <reporter-output>
          </reporter-output>
        </test-method> <!-- createAmazoneAccount -->
        <test-method status="PASS" signature="last()[pri:0, instance:jenkins.AmazonTest3@222114ba]" name="last" is-config="true" duration-ms="283" started-at="2021-01-21T07:52:26Z" finished-at="2021-01-21T07:52:27Z">
          <reporter-output>
          </reporter-output>
        </test-method> <!-- last -->
      </class> <!-- jenkins.AmazonTest3 -->
    </test> <!-- Test -->
  </suite> <!-- Suite -->
</testng-results>
